<?xml version="1.0" encoding="UTF-8"?>
<coverage generated="1666689721055" clover="3.2.0">
  <project timestamp="1666689721056" name="All files">
    <metrics statements="23" coveredstatements="23" conditionals="2" coveredconditionals="2" methods="10" coveredmethods="10" elements="35" coveredelements="35" complexity="0" loc="23" ncloc="23" packages="1" files="3" classes="3"/>
    <file name="account.js" path="/Users/ubcg62bs/Projects/makers/week14/bank-test/account.js">
      <metrics statements="5" coveredstatements="5" conditionals="0" coveredconditionals="0" methods="3" coveredmethods="3"/>
      <line num="3" count="3" type="stmt"/>
      <line num="4" count="3" type="stmt"/>
      <line num="8" count="5" type="stmt"/>
      <line num="12" count="2" type="stmt"/>
      <line num="16" count="2" type="stmt"/>
    </file>
    <file name="statement.js" path="/Users/ubcg62bs/Projects/makers/week14/bank-test/statement.js">
      <metrics statements="14" coveredstatements="14" conditionals="2" coveredconditionals="2" methods="5" coveredmethods="5"/>
      <line num="3" count="6" type="stmt"/>
      <line num="7" count="5" type="stmt"/>
      <line num="8" count="5" type="stmt"/>
      <line num="9" count="5" type="stmt"/>
      <line num="10" count="9" type="stmt"/>
      <line num="11" count="9" type="stmt"/>
      <line num="12" count="9" type="cond" truecount="2" falsecount="0"/>
      <line num="13" count="5" type="stmt"/>
      <line num="16" count="4" type="stmt"/>
      <line num="18" count="9" type="stmt"/>
      <line num="21" count="5" type="stmt"/>
      <line num="25" count="3" type="stmt"/>
      <line num="29" count="2" type="stmt"/>
      <line num="33" count="2" type="stmt"/>
    </file>
    <file name="transaction.js" path="/Users/ubcg62bs/Projects/makers/week14/bank-test/transaction.js">
      <metrics statements="4" coveredstatements="4" conditionals="0" coveredconditionals="0" methods="2" coveredmethods="2"/>
      <line num="3" count="5" type="stmt"/>
      <line num="4" count="5" type="stmt"/>
      <line num="8" count="2" type="stmt"/>
      <line num="12" count="2" type="stmt"/>
    </file>
  </project>
</coverage>
