{"/Users/ubcg62bs/Projects/makers/week14/bank-test/account.js": {"path":"/Users/ubcg62bs/Projects/makers/week14/bank-test/account.js","statementMap":{"0":{"start":{"line":3,"column":4},"end":{"line":3,"column":26}},"1":{"start":{"line":4,"column":4},"end":{"line":4,"column":20}},"2":{"start":{"line":8,"column":4},"end":{"line":8,"column":39}},"3":{"start":{"line":12,"column":4},"end":{"line":12,"column":28}},"4":{"start":{"line":16,"column":0},"end":{"line":16,"column":25}}},"fnMap":{"0":{"name":"(anonymous_0)","decl":{"start":{"line":2,"column":2},"end":{"line":2,"column":3}},"loc":{"start":{"line":2,"column":16},"end":{"line":5,"column":3}},"line":2},"1":{"name":"(anonymous_1)","decl":{"start":{"line":7,"column":2},"end":{"line":7,"column":3}},"loc":{"start":{"line":7,"column":30},"end":{"line":9,"column":3}},"line":7},"2":{"name":"(anonymous_2)","decl":{"start":{"line":11,"column":2},"end":{"line":11,"column":3}},"loc":{"start":{"line":11,"column":21},"end":{"line":13,"column":3}},"line":11}},"branchMap":{},"s":{"0":3,"1":3,"2":5,"3":2,"4":2},"f":{"0":3,"1":5,"2":2},"b":{},"_coverageSchema":"1a1c01bbd47fc00a2c39e90264f33305004495a9","hash":"87c8b63fac1fca2e49348b1025650a3605c07676"}
,"/Users/ubcg62bs/Projects/makers/week14/bank-test/statement.js": {"path":"/Users/ubcg62bs/Projects/makers/week14/bank-test/statement.js","statementMap":{"0":{"start":{"line":3,"column":4},"end":{"line":3,"column":26}},"1":{"start":{"line":7,"column":18},"end":{"line":7,"column":19}},"2":{"start":{"line":8,"column":32},"end":{"line":8,"column":34}},"3":{"start":{"line":9,"column":4},"end":{"line":19,"column":6}},"4":{"start":{"line":10,"column":36},"end":{"line":10,"column":38}},"5":{"start":{"line":11,"column":6},"end":{"line":11,"column":34}},"6":{"start":{"line":12,"column":6},"end":{"line":17,"column":7}},"7":{"start":{"line":13,"column":8},"end":{"line":13,"column":118}},"8":{"start":{"line":16,"column":8},"end":{"line":16,"column":125}},"9":{"start":{"line":18,"column":6},"end":{"line":18,"column":60}},"10":{"start":{"line":21,"column":4},"end":{"line":21,"column":43}},"11":{"start":{"line":25,"column":4},"end":{"line":25,"column":47}},"12":{"start":{"line":29,"column":4},"end":{"line":29,"column":63}},"13":{"start":{"line":33,"column":0},"end":{"line":33,"column":26}}},"fnMap":{"0":{"name":"(anonymous_0)","decl":{"start":{"line":2,"column":2},"end":{"line":2,"column":3}},"loc":{"start":{"line":2,"column":23},"end":{"line":4,"column":3}},"line":2},"1":{"name":"(anonymous_1)","decl":{"start":{"line":6,"column":2},"end":{"line":6,"column":3}},"loc":{"start":{"line":6,"column":22},"end":{"line":22,"column":3}},"line":6},"2":{"name":"(anonymous_2)","decl":{"start":{"line":9,"column":38},"end":{"line":9,"column":39}},"loc":{"start":{"line":9,"column":53},"end":{"line":19,"column":5}},"line":9},"3":{"name":"(anonymous_3)","decl":{"start":{"line":24,"column":2},"end":{"line":24,"column":3}},"loc":{"start":{"line":24,"column":16},"end":{"line":26,"column":3}},"line":24},"4":{"name":"(anonymous_4)","decl":{"start":{"line":28,"column":2},"end":{"line":28,"column":3}},"loc":{"start":{"line":28,"column":19},"end":{"line":30,"column":3}},"line":28}},"branchMap":{"0":{"loc":{"start":{"line":12,"column":6},"end":{"line":17,"column":7}},"type":"if","locations":[{"start":{"line":12,"column":6},"end":{"line":17,"column":7}},{"start":{"line":15,"column":11},"end":{"line":17,"column":7}}],"line":12}},"s":{"0":6,"1":5,"2":5,"3":5,"4":9,"5":9,"6":9,"7":5,"8":4,"9":9,"10":5,"11":3,"12":2,"13":2},"f":{"0":6,"1":5,"2":9,"3":3,"4":2},"b":{"0":[5,4]},"_coverageSchema":"1a1c01bbd47fc00a2c39e90264f33305004495a9","hash":"d399f2532e6d38cfa3c5302c4bde16ceb293a2c8"}
,"/Users/ubcg62bs/Projects/makers/week14/bank-test/transaction.js": {"path":"/Users/ubcg62bs/Projects/makers/week14/bank-test/transaction.js","statementMap":{"0":{"start":{"line":3,"column":4},"end":{"line":3,"column":22}},"1":{"start":{"line":4,"column":4},"end":{"line":4,"column":20}},"2":{"start":{"line":8,"column":4},"end":{"line":8,"column":34}},"3":{"start":{"line":12,"column":0},"end":{"line":12,"column":28}}},"fnMap":{"0":{"name":"(anonymous_0)","decl":{"start":{"line":2,"column":2},"end":{"line":2,"column":3}},"loc":{"start":{"line":2,"column":27},"end":{"line":5,"column":3}},"line":2},"1":{"name":"(anonymous_1)","decl":{"start":{"line":7,"column":2},"end":{"line":7,"column":3}},"loc":{"start":{"line":7,"column":12},"end":{"line":9,"column":3}},"line":7}},"branchMap":{},"s":{"0":5,"1":5,"2":2,"3":2},"f":{"0":5,"1":2},"b":{},"_coverageSchema":"1a1c01bbd47fc00a2c39e90264f33305004495a9","hash":"dae12360f65db2fc723e195d083b5e97f2fae316"}
}
