TN:
SF:account.js
FN:2,(anonymous_0)
FN:7,(anonymous_1)
FN:11,(anonymous_2)
FNF:3
FNH:3
FNDA:3,(anonymous_0)
FNDA:5,(anonymous_1)
FNDA:2,(anonymous_2)
DA:3,3
DA:4,3
DA:8,5
DA:12,2
DA:16,2
LF:5
LH:5
BRF:0
BRH:0
end_of_record
TN:
SF:statement.js
FN:2,(anonymous_0)
FN:6,(anonymous_1)
FN:9,(anonymous_2)
FN:24,(anonymous_3)
FN:28,(anonymous_4)
FNF:5
FNH:5
FNDA:6,(anonymous_0)
FNDA:5,(anonymous_1)
FNDA:9,(anonymous_2)
FNDA:3,(anonymous_3)
FNDA:2,(anonymous_4)
DA:3,6
DA:7,5
DA:8,5
DA:9,5
DA:10,9
DA:11,9
DA:12,9
DA:13,5
DA:16,4
DA:18,9
DA:21,5
DA:25,3
DA:29,2
DA:33,2
LF:14
LH:14
BRDA:12,0,0,5
BRDA:12,0,1,4
BRF:2
BRH:2
end_of_record
TN:
SF:transaction.js
FN:2,(anonymous_0)
FN:7,(anonymous_1)
FNF:2
FNH:2
FNDA:5,(anonymous_0)
FNDA:2,(anonymous_1)
DA:3,5
DA:4,5
DA:8,2
DA:12,2
LF:4
LH:4
BRF:0
BRH:0
end_of_record
